<?xml version="1.0" encoding="UTF-8"?>
<!-- Generated by org.testng.reporters.JUnitReportReporter -->
<testsuite hostname="girja-Latitude-3410" failures="0" tests="1" name="addtocartproductflow.CloudPillowProductDetailsChanges" time="26.732" errors="0" timestamp="2021-09-20T15:27:17 IST" skipped="0">
  <testcase classname="addtocartproductflow.CloudPillowProductDetailsChanges" name="defaultCloudPillowAddToCart" time="26.732"/>
  <system-out/>
</testsuite> <!-- addtocartproductflow.CloudPillowProductDetailsChanges -->
