<?xml version="1.0" encoding="UTF-8"?>
<!-- Generated by org.testng.reporters.JUnitReportReporter -->
<testsuite hostname="DESKTOP-8P1SJ7B" failures="0" tests="1" name="homepage.SocialMedia" time="13.525" errors="0" timestamp="2021-09-07T18:12:34 IST" skipped="0">
  <testcase classname="homepage.SocialMedia" name="facebooklink" time="13.525"/>
  <system-out/>
</testsuite> <!-- homepage.SocialMedia -->
