<?xml version="1.0" encoding="UTF-8"?>
<!-- Generated by org.testng.reporters.JUnitReportReporter -->
<testsuite hostname="DESKTOP-8P1SJ7B" failures="0" tests="1" name="Login.TC_IncorrectLogin" time="41.952" errors="0" timestamp="2021-09-01T20:32:19 IST" skipped="0">
  <testcase classname="Login.TC_IncorrectLogin" name="Incorrectlogin" time="41.952"/>
  <system-out/>
</testsuite> <!-- Login.TC_IncorrectLogin -->
