<?xml version="1.0" encoding="UTF-8"?>
<!-- Generated by org.testng.reporters.JUnitReportReporter -->
<testsuite hostname="girja-Latitude-3410" failures="0" tests="1" name="addtocartproductflow.LatexMattressCrossSell" time="99.258" errors="0" timestamp="2021-09-17T16:39:19 IST" skipped="0">
  <testcase classname="addtocartproductflow.LatexMattressCrossSell" name="crossSellingLatexMattress" time="99.258"/>
  <system-out/>
</testsuite> <!-- addtocartproductflow.LatexMattressCrossSell -->
