<?xml version="1.0" encoding="UTF-8"?>
<!-- Generated by org.testng.reporters.JUnitReportReporter -->
<testsuite hostname="girja-Latitude-3410" failures="0" tests="1" name="addtocartproductflow.DefaultPlusMattressProduct" time="58.116" errors="0" timestamp="2021-09-17T16:24:29 IST" skipped="0">
  <testcase classname="addtocartproductflow.DefaultPlusMattressProduct" name="defaultPlusMattressAddToCart" time="58.116"/>
  <system-out/>
</testsuite> <!-- addtocartproductflow.DefaultPlusMattressProduct -->
