<?xml version="1.0" encoding="UTF-8"?>
<!-- Generated by org.testng.reporters.JUnitReportReporter -->
<testsuite hostname="girja-Latitude-3410" failures="0" tests="1" name="productdetailspagemultipleoptionchange.BabyMattressChangeMultipleoption" time="42.658" errors="0" timestamp="2021-09-22T13:37:21 IST" skipped="0">
  <testcase classname="productdetailspagemultipleoptionchange.BabyMattressChangeMultipleoption" name="babyMattressChangeoption" time="42.658"/>
  <system-out/>
</testsuite> <!-- productdetailspagemultipleoptionchange.BabyMattressChangeMultipleoption -->
