<?xml version="1.0" encoding="UTF-8"?>
<!-- Generated by org.testng.reporters.JUnitReportReporter -->
<testsuite hostname="girja-Latitude-3410" failures="0" tests="1" name="addtocartproductflow.PlusMattressCrossSell" time="52.878" errors="0" timestamp="2021-09-17T20:46:26 IST" skipped="0">
  <testcase classname="addtocartproductflow.PlusMattressCrossSell" name="crossSellingPlus" time="52.878"/>
  <system-out/>
</testsuite> <!-- addtocartproductflow.PlusMattressCrossSell -->
