<?xml version="1.0" encoding="UTF-8"?>
<!-- Generated by org.testng.reporters.JUnitReportReporter -->
<testsuite hostname="girja-Latitude-3410" failures="0" tests="1" name="addtocartproductflow.LatexMattressCrossSell" time="76.681" errors="0" timestamp="2021-09-23T13:02:47 IST" skipped="0">
  <testcase classname="addtocartproductflow.LatexMattressCrossSell" name="crossSellingLatexMattress" time="76.681"/>
  <system-out/>
</testsuite> <!-- addtocartproductflow.LatexMattressCrossSell -->
