<?xml version="1.0" encoding="UTF-8"?>
<!-- Generated by org.testng.reporters.JUnitReportReporter -->
<testsuite hostname="girja-Latitude-3410" failures="0" tests="1" name="productdetailspagemultipleoptionchange.OhayoBedChangeMultipleOption" time="41.803" errors="0" timestamp="2021-09-24T14:03:36 IST" skipped="0">
  <testcase classname="productdetailspagemultipleoptionchange.OhayoBedChangeMultipleOption" name="ohayoBedChangeOption" time="41.803"/>
  <system-out/>
</testsuite> <!-- productdetailspagemultipleoptionchange.OhayoBedChangeMultipleOption -->
