<?xml version="1.0" encoding="UTF-8"?>
<!-- Generated by org.testng.reporters.JUnitReportReporter -->
<testsuite hostname="girja-Latitude-3410" failures="0" tests="1" name="addtocartproductflow.DefaultMemoryFoamPillowProduct" time="31.060" errors="0" timestamp="2021-09-20T16:22:48 IST" skipped="0">
  <testcase classname="addtocartproductflow.DefaultMemoryFoamPillowProduct" name="defaultMemoryFoamPillowAddToCart" time="31.060"/>
  <system-out/>
</testsuite> <!-- addtocartproductflow.DefaultMemoryFoamPillowProduct -->
