<?xml version="1.0" encoding="UTF-8"?>
<!-- Generated by org.testng.reporters.JUnitReportReporter -->
<testsuite hostname="girja-Latitude-3410" failures="0" tests="1" name="addtocartproductflow.LatexMattressProductDetailsChanges" time="81.531" errors="0" timestamp="2021-09-17T16:27:12 IST" skipped="0">
  <testcase classname="addtocartproductflow.LatexMattressProductDetailsChanges" name="latexMattressAddToCart" time="81.531"/>
  <system-out/>
</testsuite> <!-- addtocartproductflow.LatexMattressProductDetailsChanges -->
