<?xml version="1.0" encoding="UTF-8"?>
<!-- Generated by org.testng.reporters.JUnitReportReporter -->
<testsuite hostname="DESKTOP-8P1SJ7B" failures="0" tests="1" name="Order.AddToCartFlow" time="46.526" errors="0" timestamp="2021-09-03T14:07:39 IST" skipped="0">
  <testcase classname="Order.AddToCartFlow" name="addtocart" time="46.526"/>
  <system-out/>
</testsuite> <!-- Order.AddToCartFlow -->
