<?xml version="1.0" encoding="UTF-8"?>
<!-- Generated by org.testng.reporters.JUnitReportReporter -->
<testsuite hostname="girja-Latitude-3410" failures="0" tests="1" name="addtocartproductflow.WeightedBlanketProductDetailsChanges" time="28.151" errors="0" timestamp="2021-09-18T16:42:55 IST" skipped="0">
  <testcase classname="addtocartproductflow.WeightedBlanketProductDetailsChanges" name="weightedBlanketAddToCart" time="28.151"/>
  <system-out/>
</testsuite> <!-- addtocartproductflow.WeightedBlanketProductDetailsChanges -->
