<?xml version="1.0" encoding="UTF-8"?>
<!-- Generated by org.testng.reporters.JUnitReportReporter -->
<testsuite hostname="DESKTOP-8P1SJ7B" failures="0" tests="2" name="com.SleepycatAutomationV1.Testcases.TC_Login" time="36.347" errors="0" timestamp="2021-09-01T14:52:34 IST" skipped="0">
  <testcase classname="com.SleepycatAutomationV1.Testcases.TC_Login" name="Incorrectlogin" time="0.005"/>
  <system-out/>
  <testcase classname="com.SleepycatAutomationV1.Testcases.TC_Login" name="Correctlogin" time="36.342"/>
  <system-out/>
</testsuite> <!-- com.SleepycatAutomationV1.Testcases.TC_Login -->
