<?xml version="1.0" encoding="UTF-8"?>
<!-- Generated by org.testng.reporters.JUnitReportReporter -->
<testsuite hostname="DESKTOP-8P1SJ7B" failures="0" tests="4" name="headerandfooter.HeaderAndFooterLinks" time="288.445" errors="0" timestamp="2021-09-03T21:54:11 IST" skipped="0">
  <testcase classname="headerandfooter.HeaderAndFooterLinks" name="homepageLink" time="148.941"/>
  <system-out/>
  <testcase classname="headerandfooter.HeaderAndFooterLinks" name="Footerlink" time="113.324"/>
  <system-out/>
  <testcase classname="headerandfooter.HeaderAndFooterLinks" name="headerLink" time="10.186"/>
  <system-out/>
  <testcase classname="headerandfooter.HeaderAndFooterLinks" name="menuLink" time="15.994"/>
  <system-out/>
</testsuite> <!-- headerandfooter.HeaderAndFooterLinks -->
