<?xml version="1.0" encoding="UTF-8"?>
<!-- Generated by org.testng.reporters.JUnitReportReporter -->
<testsuite hostname="girja-Latitude-3410" failures="0" tests="1" name="addtocartproductflow.DefaultLatexMattressProduct" time="23.573" errors="0" timestamp="2021-09-24T13:28:04 IST" skipped="0">
  <testcase classname="addtocartproductflow.DefaultLatexMattressProduct" name="defaultLatexMattressAddToCart" time="23.573"/>
  <system-out/>
</testsuite> <!-- addtocartproductflow.DefaultLatexMattressProduct -->
