<?xml version="1.0" encoding="UTF-8"?>
<!-- Generated by org.testng.reporters.JUnitReportReporter -->
<testsuite hostname="DESKTOP-8P1SJ7B" failures="0" tests="1" name="Login.CorrectLoginTest" time="29.866" errors="0" timestamp="2021-09-03T15:33:05 IST" skipped="0">
  <testcase classname="Login.CorrectLoginTest" name="correctLogin" time="29.866"/>
  <system-out/>
</testsuite> <!-- Login.CorrectLoginTest -->
