<?xml version="1.0" encoding="UTF-8"?>
<!-- Generated by org.testng.reporters.JUnitReportReporter -->
<testsuite hostname="DESKTOP-8P1SJ7B" failures="0" tests="1" name="login.IncorrectLoginTest" time="33.697" errors="0" timestamp="2021-09-06T23:33:37 IST" skipped="0">
  <testcase classname="login.IncorrectLoginTest" name="incorrectLogin" time="33.697"/>
  <system-out/>
</testsuite> <!-- login.IncorrectLoginTest -->
