<?xml version="1.0" encoding="UTF-8"?>
<!-- Generated by org.testng.reporters.JUnitReportReporter -->
<testsuite hostname="girja-Latitude-3410" failures="0" tests="1" name="addtocartproductflow.DefaultWeightedBlanketProduct" time="20.881" errors="0" timestamp="2021-09-18T16:46:46 IST" skipped="0">
  <testcase classname="addtocartproductflow.DefaultWeightedBlanketProduct" name="defaultWeightedBlanketAddToCart" time="20.881"/>
  <system-out/>
</testsuite> <!-- addtocartproductflow.DefaultWeightedBlanketProduct -->
