<?xml version="1.0" encoding="UTF-8"?>
<!-- Generated by org.testng.reporters.JUnitReportReporter -->
<testsuite hostname="girja-Latitude-3410" failures="0" tests="1" name="productdetailspagemultipleoptionchange.MetalBedFrameChangeMultipleOption" time="35.937" errors="0" timestamp="2021-09-22T14:03:25 IST" skipped="0">
  <testcase classname="productdetailspagemultipleoptionchange.MetalBedFrameChangeMultipleOption" name="metalBedFrameChangeOption" time="35.937"/>
  <system-out/>
</testsuite> <!-- productdetailspagemultipleoptionchange.MetalBedFrameChangeMultipleOption -->
