<?xml version="1.0" encoding="UTF-8"?>
<!-- Generated by org.testng.reporters.JUnitReportReporter -->
<testsuite hostname="DESKTOP-8P1SJ7B" failures="0" tests="1" name="Login.Correctlogin" time="16.771" errors="0" timestamp="2021-09-01T17:47:25 IST" skipped="0">
  <testcase classname="Login.Correctlogin" name="Corrlogin" time="16.771"/>
  <system-out/>
</testsuite> <!-- Login.Correctlogin -->
