<?xml version="1.0" encoding="UTF-8"?>
<!-- Generated by org.testng.reporters.JUnitReportReporter -->
<testsuite hostname="girja-Latitude-3410" failures="0" tests="1" name="homepage.SocialMedia" time="13.920" errors="0" timestamp="2021-09-08T11:39:48 IST" skipped="0">
  <testcase classname="homepage.SocialMedia" name="facebooklink" time="13.920"/>
  <system-out/>
</testsuite> <!-- homepage.SocialMedia -->
