<?xml version="1.0" encoding="UTF-8"?>
<!-- Generated by org.testng.reporters.JUnitReportReporter -->
<testsuite hostname="girja-Latitude-3410" failures="0" tests="1" name="addtocartproductflow.PlusMattressProductDetailsChanges" time="43.948" errors="0" timestamp="2021-09-17T20:48:02 IST" skipped="0">
  <testcase classname="addtocartproductflow.PlusMattressProductDetailsChanges" name="plusMattressAddToCart" time="43.948"/>
  <system-out/>
</testsuite> <!-- addtocartproductflow.PlusMattressProductDetailsChanges -->
