<?xml version="1.0" encoding="UTF-8"?>
<!-- Generated by org.testng.reporters.JUnitReportReporter -->
<testsuite hostname="girja-Latitude-3410" failures="0" tests="1" name="order.RazorPayPaymentGateway" time="64.319" errors="0" timestamp="2021-09-17T19:57:51 IST" skipped="0">
  <testcase classname="order.RazorPayPaymentGateway" name="razorPayPaymentGateway" time="64.319"/>
  <system-out/>
</testsuite> <!-- order.RazorPayPaymentGateway -->
