<?xml version="1.0" encoding="UTF-8"?>
<!-- Generated by org.testng.reporters.JUnitReportReporter -->
<testsuite hostname="girja-Latitude-3410" failures="0" tests="1" name="addtocartproductflow.MemoryFoamPillowProductDetailsChanges" time="32.823" errors="0" timestamp="2021-09-20T16:32:40 IST" skipped="0">
  <testcase classname="addtocartproductflow.MemoryFoamPillowProductDetailsChanges" name="memoryFoamPillowAddToCart" time="32.823"/>
  <system-out/>
</testsuite> <!-- addtocartproductflow.MemoryFoamPillowProductDetailsChanges -->
