<?xml version="1.0" encoding="UTF-8"?>
<!-- Generated by org.testng.reporters.JUnitReportReporter -->
<testsuite hostname="girja-Latitude-3410" failures="0" tests="4" name="headerandfooter.HeaderAndFooterLinks" time="303.412" errors="0" timestamp="2021-09-23T12:23:11 IST" skipped="0">
  <testcase classname="headerandfooter.HeaderAndFooterLinks" name="headerLink" time="14.108"/>
  <system-out/>
  <testcase classname="headerandfooter.HeaderAndFooterLinks" name="Footerlink" time="103.228"/>
  <system-out/>
  <testcase classname="headerandfooter.HeaderAndFooterLinks" name="menuLink" time="52.895"/>
  <system-out/>
  <testcase classname="headerandfooter.HeaderAndFooterLinks" name="homepageLink" time="133.181"/>
  <system-out/>
</testsuite> <!-- headerandfooter.HeaderAndFooterLinks -->
