<?xml version="1.0" encoding="UTF-8"?>
<!-- Generated by org.testng.reporters.JUnitReportReporter -->
<testsuite hostname="DESKTOP-8P1SJ7B" failures="0" tests="1" name="order.CartHandling" time="21.890" errors="0" timestamp="2021-09-06T18:23:47 IST" skipped="0">
  <testcase classname="order.CartHandling" name="cartHandling" time="21.890"/>
  <system-out/>
</testsuite> <!-- order.CartHandling -->
