<?xml version="1.0" encoding="UTF-8"?>
<!-- Generated by org.testng.reporters.JUnitReportReporter -->
<testsuite hostname="girja-Latitude-3410" failures="0" tests="1" name="addtocartproductflow.DefaultOriginalMattressProduct" time="53.787" errors="0" timestamp="2021-09-17T16:23:08 IST" skipped="0">
  <testcase classname="addtocartproductflow.DefaultOriginalMattressProduct" name="defaultOriginalMattessAddToCart" time="53.787"/>
  <system-out/>
</testsuite> <!-- addtocartproductflow.DefaultOriginalMattressProduct -->
