<?xml version="1.0" encoding="UTF-8"?>
<!-- Generated by org.testng.reporters.JUnitReportReporter -->
<testsuite hostname="girja-Latitude-3410" failures="0" tests="1" name="addtocartproductflow.OriginalMattessProductDetailsChanges" time="71.652" errors="0" timestamp="2021-09-17T16:41:06 IST" skipped="0">
  <testcase classname="addtocartproductflow.OriginalMattessProductDetailsChanges" name="originalMattessAddToCart" time="71.652"/>
  <system-out/>
</testsuite> <!-- addtocartproductflow.OriginalMattessProductDetailsChanges -->
