<?xml version="1.0" encoding="UTF-8"?>
<!-- Generated by org.testng.reporters.JUnitReportReporter -->
<testsuite hostname="girja-Latitude-3410" failures="0" tests="1" name="login.IncorrectLoginTest" time="26.045" errors="0" timestamp="2021-09-08T20:22:42 IST" skipped="0">
  <testcase classname="login.IncorrectLoginTest" name="incorrectLogin" time="26.045"/>
  <system-out/>
</testsuite> <!-- login.IncorrectLoginTest -->
