<?xml version="1.0" encoding="UTF-8"?>
<!-- Generated by org.testng.reporters.JUnitReportReporter -->
<testsuite hostname="girja-Latitude-3410" failures="0" tests="1" name="addtocartproductflow.PetBedProductDetailsChanges" time="34.286" errors="0" timestamp="2021-09-18T18:06:10 IST" skipped="0">
  <testcase classname="addtocartproductflow.PetBedProductDetailsChanges" name="petBedAddToCart" time="34.286"/>
  <system-out/>
</testsuite> <!-- addtocartproductflow.PetBedProductDetailsChanges -->
