<?xml version="1.0" encoding="UTF-8"?>
<!-- Generated by org.testng.reporters.JUnitReportReporter -->
<testsuite hostname="girja-Latitude-3410" failures="0" tests="1" name="addtocartproductflow.CuddlePillowProductDetailsChanges" time="26.020" errors="0" timestamp="2021-09-20T16:45:36 IST" skipped="0">
  <testcase classname="addtocartproductflow.CuddlePillowProductDetailsChanges" name="cuddlePillowAddToCart" time="26.020"/>
  <system-out/>
</testsuite> <!-- addtocartproductflow.CuddlePillowProductDetailsChanges -->
