<?xml version="1.0" encoding="UTF-8"?>
<!-- Generated by org.testng.reporters.JUnitReportReporter -->
<testsuite hostname="girja-Latitude-3410" failures="0" tests="5" name="homepage.BannerLinking" time="113.830" errors="0" timestamp="2021-09-12T22:13:25 IST" skipped="0">
  <testcase classname="homepage.BannerLinking" name="fifthBanner" time="31.059"/>
  <system-out/>
  <testcase classname="homepage.BannerLinking" name="firstBanner" time="10.042"/>
  <system-out/>
  <testcase classname="homepage.BannerLinking" name="secondBanner" time="19.797"/>
  <system-out/>
  <testcase classname="homepage.BannerLinking" name="thirdBanner" time="33.959"/>
  <system-out/>
  <testcase classname="homepage.BannerLinking" name="fourthBanner" time="18.973"/>
  <system-out/>
</testsuite> <!-- homepage.BannerLinking -->
