<?xml version="1.0" encoding="UTF-8"?>
<!-- Generated by org.testng.reporters.JUnitReportReporter -->
<testsuite hostname="DESKTOP-8P1SJ7B" failures="0" tests="5" name="homepage.BannerLinking" time="63.449" errors="0" timestamp="2021-09-06T23:33:37 IST" skipped="0">
  <testcase classname="homepage.BannerLinking" name="firstBanner" time="11.041"/>
  <system-out/>
  <testcase classname="homepage.BannerLinking" name="fourthBanner" time="13.006"/>
  <system-out/>
  <testcase classname="homepage.BannerLinking" name="secondBanner" time="12.139"/>
  <system-out/>
  <testcase classname="homepage.BannerLinking" name="fifthBanner" time="15.473"/>
  <system-out/>
  <testcase classname="homepage.BannerLinking" name="thirdBanner" time="11.790"/>
  <system-out/>
</testsuite> <!-- homepage.BannerLinking -->
