<?xml version="1.0" encoding="UTF-8"?>
<!-- Generated by org.testng.reporters.JUnitReportReporter -->
<testsuite hostname="girja-Latitude-3410" failures="0" tests="1" name="addtocartproductflow.DefaultPillowCaseProduct" time="40.116" errors="0" timestamp="2021-09-21T14:39:33 IST" skipped="0">
  <testcase classname="addtocartproductflow.DefaultPillowCaseProduct" name="defaultPillowCaseAddToCart" time="40.116"/>
  <system-out/>
</testsuite> <!-- addtocartproductflow.DefaultPillowCaseProduct -->
