<?xml version="1.0" encoding="UTF-8"?>
<!-- Generated by org.testng.reporters.JUnitReportReporter -->
<testsuite hostname="girja-Latitude-3410" failures="0" tests="1" name="addtocartproductflow.OhayoBedProductDetailsChanges" time="59.524" errors="0" timestamp="2021-09-21T16:42:25 IST" skipped="0">
  <testcase classname="addtocartproductflow.OhayoBedProductDetailsChanges" name="cloudPillowAddToCart" time="59.524"/>
  <system-out/>
</testsuite> <!-- addtocartproductflow.OhayoBedProductDetailsChanges -->
