<?xml version="1.0" encoding="UTF-8"?>
<!-- Generated by org.testng.reporters.JUnitReportReporter -->
<testsuite hostname="girja-Latitude-3410" failures="0" tests="1" name="addtocartproductflow.BabyMattressCrossSelling" time="34.194" errors="0" timestamp="2021-09-23T12:25:37 IST" skipped="0">
  <testcase classname="addtocartproductflow.BabyMattressCrossSelling" name="crossSellingBabyMattress" time="34.194"/>
  <system-out/>
</testsuite> <!-- addtocartproductflow.BabyMattressCrossSelling -->
