<?xml version="1.0" encoding="UTF-8"?>
<!-- Generated by org.testng.reporters.JUnitReportReporter -->
<testsuite hostname="girja-Latitude-3410" failures="0" tests="1" name="addtocartproductflow.DefaultCloudPillowProduct" time="63.720" errors="0" timestamp="2021-09-20T15:52:55 IST" skipped="0">
  <testcase classname="addtocartproductflow.DefaultCloudPillowProduct" name="defaultCloudPillowAddToCart" time="63.720"/>
  <system-out/>
</testsuite> <!-- addtocartproductflow.DefaultCloudPillowProduct -->
