<?xml version="1.0" encoding="UTF-8"?>
<!-- Generated by org.testng.reporters.JUnitReportReporter -->
<testsuite hostname="girja-Latitude-3410" failures="0" tests="1" name="productdetailspagemultipleoptionchange.PlusMattressChangeMultipleOption" time="67.816" errors="0" timestamp="2021-09-24T14:26:57 IST" skipped="0">
  <testcase classname="productdetailspagemultipleoptionchange.PlusMattressChangeMultipleOption" name="plusMattressChangeoption" time="67.816"/>
  <system-out/>
</testsuite> <!-- productdetailspagemultipleoptionchange.PlusMattressChangeMultipleOption -->
