<?xml version="1.0" encoding="UTF-8"?>
<!-- Generated by org.testng.reporters.JUnitReportReporter -->
<testsuite hostname="girja-Latitude-3410" failures="0" tests="1" name="productdetailspagemultipleoptionchange.OriginalMattressChangeMultipleOption" time="48.491" errors="0" timestamp="2021-09-24T14:07:05 IST" skipped="0">
  <testcase classname="productdetailspagemultipleoptionchange.OriginalMattressChangeMultipleOption" name="originalMattressChangeOption" time="48.491"/>
  <system-out/>
</testsuite> <!-- productdetailspagemultipleoptionchange.OriginalMattressChangeMultipleOption -->
