<?xml version="1.0" encoding="UTF-8"?>
<!-- Generated by org.testng.reporters.JUnitReportReporter -->
<testsuite hostname="girja-Latitude-3410" failures="0" tests="1" name="addtocartproductflow.DefaultOhayoBedroduct" time="19.985" errors="0" timestamp="2021-09-21T16:47:56 IST" skipped="0">
  <testcase classname="addtocartproductflow.DefaultOhayoBedroduct" name="defaultOhayoBedAddToCart" time="19.985"/>
  <system-out/>
</testsuite> <!-- addtocartproductflow.DefaultOhayoBedroduct -->
