<?xml version="1.0" encoding="UTF-8"?>
<!-- Generated by org.testng.reporters.JUnitReportReporter -->
<testsuite hostname="girja-Latitude-3410" failures="0" tests="1" name="productdetailspagemultipleoptionchange.MetalBedFrameChangeMultipleOption" time="45.300" errors="0" timestamp="2021-09-24T14:28:25 IST" skipped="0">
  <testcase classname="productdetailspagemultipleoptionchange.MetalBedFrameChangeMultipleOption" name="metalBedFrameChangeOption" time="45.300"/>
  <system-out/>
</testsuite> <!-- productdetailspagemultipleoptionchange.MetalBedFrameChangeMultipleOption -->
