<?xml version="1.0" encoding="UTF-8"?>
<!-- Generated by org.testng.reporters.JUnitReportReporter -->
<testsuite hostname="girja-Latitude-3410" failures="0" tests="4" name="homepage.SocialMedia" time="110.070" errors="0" timestamp="2021-09-23T12:02:41 IST" skipped="0">
  <testcase classname="homepage.SocialMedia" name="twitterlink" time="28.881"/>
  <system-out/>
  <testcase classname="homepage.SocialMedia" name="instagramlink" time="11.757"/>
  <system-out/>
  <testcase classname="homepage.SocialMedia" name="youtubelink" time="32.118"/>
  <system-out/>
  <testcase classname="homepage.SocialMedia" name="facebooklink" time="37.314"/>
  <system-out/>
</testsuite> <!-- homepage.SocialMedia -->
