<?xml version="1.0" encoding="UTF-8"?>
<!-- Generated by org.testng.reporters.JUnitReportReporter -->
<testsuite hostname="girja-Latitude-3410" failures="0" tests="5" name="homepage.BannerLinking" time="69.974" errors="0" timestamp="2021-09-24T13:28:04 IST" skipped="0">
  <testcase classname="homepage.BannerLinking" name="thirdBanner" time="10.245"/>
  <system-out/>
  <testcase classname="homepage.BannerLinking" name="fifthBanner" time="21.528"/>
  <system-out/>
  <testcase classname="homepage.BannerLinking" name="firstBanner" time="14.235"/>
  <system-out/>
  <testcase classname="homepage.BannerLinking" name="secondBanner" time="8.236"/>
  <system-out/>
  <testcase classname="homepage.BannerLinking" name="fourthBanner" time="15.730"/>
  <system-out/>
</testsuite> <!-- homepage.BannerLinking -->
