<?xml version="1.0" encoding="UTF-8"?>
<!-- Generated by org.testng.reporters.JUnitReportReporter -->
<testsuite hostname="girja-Latitude-3410" failures="0" tests="1" name="order.BestsellingProductsCart" time="46.169" errors="0" timestamp="2021-09-09T13:36:34 IST" skipped="0">
  <testcase classname="order.BestsellingProductsCart" name="addtocart" time="46.169"/>
  <system-out/>
</testsuite> <!-- order.BestsellingProductsCart -->
