<?xml version="1.0" encoding="UTF-8"?>
<!-- Generated by org.testng.reporters.JUnitReportReporter -->
<testsuite hostname="girja-Latitude-3410" failures="0" tests="1" name="addtocartproductflow.CloudPillowProductDetailsChanges" time="32.025" errors="0" timestamp="2021-09-24T14:35:28 IST" skipped="0">
  <testcase classname="addtocartproductflow.CloudPillowProductDetailsChanges" name="cloudPillowAddToCart" time="32.025"/>
  <system-out/>
</testsuite> <!-- addtocartproductflow.CloudPillowProductDetailsChanges -->
