<?xml version="1.0" encoding="UTF-8"?>
<!-- Generated by org.testng.reporters.JUnitReportReporter -->
<testsuite hostname="DESKTOP-8P1SJ7B" failures="0" tests="1" name="login.CorrectLoginTest" time="23.836" errors="0" timestamp="2021-09-06T23:33:37 IST" skipped="0">
  <testcase classname="login.CorrectLoginTest" name="correctLogin" time="23.836"/>
  <system-out/>
</testsuite> <!-- login.CorrectLoginTest -->
