<?xml version="1.0" encoding="UTF-8"?>
<!-- Generated by org.testng.reporters.JUnitReportReporter -->
<testsuite hostname="girja-Latitude-3410" failures="0" tests="1" name="productdetailspagemultipleoptionchange.PillowCasesChangeMultipleOption" time="42.246" errors="0" timestamp="2021-09-22T18:32:30 IST" skipped="0">
  <testcase classname="productdetailspagemultipleoptionchange.PillowCasesChangeMultipleOption" name="pillowCasesChangeOption" time="42.246"/>
  <system-out/>
</testsuite> <!-- productdetailspagemultipleoptionchange.PillowCasesChangeMultipleOption -->
