<?xml version="1.0" encoding="UTF-8"?>
<!-- Generated by org.testng.reporters.JUnitReportReporter -->
<testsuite hostname="girja-Latitude-3410" failures="0" tests="1" name="productdetailspagemultipleoptionchange.MemoryFoamPillowChangeMultipleOption" time="45.063" errors="0" timestamp="2021-09-22T18:10:04 IST" skipped="0">
  <testcase classname="productdetailspagemultipleoptionchange.MemoryFoamPillowChangeMultipleOption" name="memoryFoamPillowAddToCart" time="45.063"/>
  <system-out/>
</testsuite> <!-- productdetailspagemultipleoptionchange.MemoryFoamPillowChangeMultipleOption -->
