<?xml version="1.0" encoding="UTF-8"?>
<!-- Generated by org.testng.reporters.JUnitReportReporter -->
<testsuite hostname="DESKTOP-8P1SJ7B" failures="0" tests="1" name="com.SleepycatAutomationV1.utilities.TC_BaseSleepy" time="20.122" errors="0" timestamp="2021-08-31T18:21:08 IST" skipped="0">
  <testcase classname="com.SleepycatAutomationV1.utilities.TC_BaseSleepy" name="initializedr" time="20.122"/>
  <system-out/>
</testsuite> <!-- com.SleepycatAutomationV1.utilities.TC_BaseSleepy -->
