<?xml version="1.0" encoding="UTF-8"?>
<!-- Generated by org.testng.reporters.JUnitReportReporter -->
<testsuite hostname="girja-Latitude-3410" failures="0" tests="1" name="addtocartproductflow.BestSellingPlusMattressAddToCart" time="53.941" errors="0" timestamp="2021-09-17T21:21:47 IST" skipped="0">
  <testcase classname="addtocartproductflow.BestSellingPlusMattressAddToCart" name="bestsellingPlusMattressAddToCart" time="53.941"/>
  <system-out/>
</testsuite> <!-- addtocartproductflow.BestSellingPlusMattressAddToCart -->
