<?xml version="1.0" encoding="UTF-8"?>
<!-- Generated by org.testng.reporters.JUnitReportReporter -->
<testsuite hostname="DESKTOP-8P1SJ7B" failures="0" tests="1" name="order.CartHandling" time="42.821" errors="0" timestamp="2021-09-05T21:46:01 IST" skipped="0">
  <testcase classname="order.CartHandling" name="cartHandling" time="42.821"/>
  <system-out/>
</testsuite> <!-- order.CartHandling -->
