<?xml version="1.0" encoding="UTF-8"?>
<!-- Generated by org.testng.reporters.JUnitReportReporter -->
<testsuite hostname="girja-Latitude-3410" failures="0" tests="1" name="addtocartproductflow.DefaultMetalBedFrameProduct" time="24.660" errors="0" timestamp="2021-09-21T19:02:11 IST" skipped="0">
  <testcase classname="addtocartproductflow.DefaultMetalBedFrameProduct" name="defaultMetalBedFrameAddToCart" time="24.660"/>
  <system-out/>
</testsuite> <!-- addtocartproductflow.DefaultMetalBedFrameProduct -->
