<?xml version="1.0" encoding="UTF-8"?>
<!-- Generated by org.testng.reporters.JUnitReportReporter -->
<testsuite hostname="girja-Latitude-3410" failures="0" tests="1" name="productdetailspagemultipleoptionchange.ProtectorChangeMultipleOption" time="47.431" errors="0" timestamp="2021-09-22T16:08:14 IST" skipped="0">
  <testcase classname="productdetailspagemultipleoptionchange.ProtectorChangeMultipleOption" name="protectorChangeOption" time="47.431"/>
  <system-out/>
</testsuite> <!-- productdetailspagemultipleoptionchange.ProtectorChangeMultipleOption -->
