<?xml version="1.0" encoding="UTF-8"?>
<!-- Generated by org.testng.reporters.JUnitReportReporter -->
<testsuite hostname="girja-Latitude-3410" failures="0" tests="1" name="login.CorrectLoginTest" time="31.346" errors="0" timestamp="2021-09-06T13:18:06 IST" skipped="0">
  <testcase classname="login.CorrectLoginTest" name="correctLogin" time="31.346"/>
  <system-out/>
</testsuite> <!-- login.CorrectLoginTest -->
