<?xml version="1.0" encoding="UTF-8"?>
<!-- Generated by org.testng.reporters.JUnitReportReporter -->
<testsuite hostname="girja-Latitude-3410" failures="0" tests="1" name="addtocartproductflow.DefaultPetBedProduct" time="24.766" errors="0" timestamp="2021-09-18T18:16:56 IST" skipped="0">
  <testcase classname="addtocartproductflow.DefaultPetBedProduct" name="defaultPetBedAddToCart" time="24.766"/>
  <system-out/>
</testsuite> <!-- addtocartproductflow.DefaultPetBedProduct -->
