<?xml version="1.0" encoding="UTF-8"?>
<!-- Generated by org.testng.reporters.JUnitReportReporter -->
<testsuite hostname="DESKTOP-8P1SJ7B" failures="0" tests="5" name="Homepage.BannerLinking" time="57.215" errors="0" timestamp="2021-09-03T16:44:48 IST" skipped="0">
  <testcase classname="Homepage.BannerLinking" name="fourthBanner" time="10.991"/>
  <system-out/>
  <testcase classname="Homepage.BannerLinking" name="secondBanner" time="7.441"/>
  <system-out/>
  <testcase classname="Homepage.BannerLinking" name="fifthBanner" time="18.160"/>
  <system-out/>
  <testcase classname="Homepage.BannerLinking" name="thirdBanner" time="8.286"/>
  <system-out/>
  <testcase classname="Homepage.BannerLinking" name="firstBanner" time="12.337"/>
  <system-out/>
</testsuite> <!-- Homepage.BannerLinking -->
