<?xml version="1.0" encoding="UTF-8"?>
<!-- Generated by org.testng.reporters.JUnitReportReporter -->
<testsuite hostname="girja-Latitude-3410" failures="0" tests="1" name="productdetailspagemultipleoptionchange.LatexMattessChangeMultipleoption" time="47.547" errors="0" timestamp="2021-09-22T12:46:26 IST" skipped="0">
  <testcase classname="productdetailspagemultipleoptionchange.LatexMattessChangeMultipleoption" name="latexMattessChangeoption" time="47.547"/>
  <system-out/>
</testsuite> <!-- productdetailspagemultipleoptionchange.LatexMattessChangeMultipleoption -->
