<?xml version="1.0" encoding="UTF-8"?>
<!-- Generated by org.testng.reporters.JUnitReportReporter -->
<testsuite hostname="girja-Latitude-3410" failures="0" tests="1" name="login.CorrectLoginTest" time="27.283" errors="0" timestamp="2021-09-08T20:15:13 IST" skipped="0">
  <testcase classname="login.CorrectLoginTest" name="correctLogin" time="27.283"/>
  <system-out/>
</testsuite> <!-- login.CorrectLoginTest -->
