<?xml version="1.0" encoding="UTF-8"?>
<!-- Generated by org.testng.reporters.JUnitReportReporter -->
<testsuite hostname="girja-Latitude-3410" failures="0" tests="1" name="order.AddToCartFlow" time="33.361" errors="0" timestamp="2021-09-12T14:41:33 IST" skipped="0">
  <testcase classname="order.AddToCartFlow" name="addtocart" time="33.361"/>
  <system-out/>
</testsuite> <!-- order.AddToCartFlow -->
