<?xml version="1.0" encoding="UTF-8"?>
<!-- Generated by org.testng.reporters.JUnitReportReporter -->
<testsuite hostname="DESKTOP-8P1SJ7B" failures="0" tests="1" name="Login.IncorrectLoginTest" time="22.270" errors="0" timestamp="2021-09-02T20:13:43 IST" skipped="0">
  <testcase classname="Login.IncorrectLoginTest" name="incorrectLogin" time="22.270"/>
  <system-out/>
</testsuite> <!-- Login.IncorrectLoginTest -->
