<?xml version="1.0" encoding="UTF-8"?>
<!-- Generated by org.testng.reporters.JUnitReportReporter -->
<testsuite hostname="girja-Latitude-3410" failures="0" tests="1" name="addtocartproductflow.BabyMattressCrossSelling" time="32.887" errors="0" timestamp="2021-09-17T14:31:35 IST" skipped="0">
  <testcase classname="addtocartproductflow.BabyMattressCrossSelling" name="crossSellingBabyMattress" time="32.887"/>
  <system-out/>
</testsuite> <!-- addtocartproductflow.BabyMattressCrossSelling -->
