<?xml version="1.0" encoding="UTF-8"?>
<!-- Generated by org.testng.reporters.JUnitReportReporter -->
<testsuite hostname="girja-Latitude-3410" failures="0" tests="1" name="order.CartHandling" time="21.967" errors="0" timestamp="2021-09-17T21:27:03 IST" skipped="0">
  <testcase classname="order.CartHandling" name="cartHandling" time="21.967"/>
  <system-out/>
</testsuite> <!-- order.CartHandling -->
