<?xml version="1.0" encoding="UTF-8"?>
<!-- Generated by org.testng.reporters.JUnitReportReporter -->
<testsuite hostname="girja-Latitude-3410" failures="0" tests="1" name="login.CorrectLoginTest" time="26.311" errors="0" timestamp="2021-09-20T10:55:12 IST" skipped="0">
  <testcase classname="login.CorrectLoginTest" name="correctLogin" time="26.311"/>
  <system-out/>
</testsuite> <!-- login.CorrectLoginTest -->
