<?xml version="1.0" encoding="UTF-8"?>
<!-- Generated by org.testng.reporters.JUnitReportReporter -->
<testsuite hostname="girja-Latitude-3410" failures="0" tests="1" name="order.BabyMattressCrossSelling" time="29.860" errors="0" timestamp="2021-09-12T14:34:41 IST" skipped="0">
  <testcase classname="order.BabyMattressCrossSelling" name="crossSelling" time="29.860"/>
  <system-out/>
</testsuite> <!-- order.BabyMattressCrossSelling -->
