<?xml version="1.0" encoding="UTF-8"?>
<!-- Generated by org.testng.reporters.JUnitReportReporter -->
<testsuite hostname="DESKTOP-8P1SJ7B" failures="0" tests="1" name="Order.RazorPayPaymentGateway" time="63.688" errors="0" timestamp="2021-09-03T19:46:56 IST" skipped="0">
  <testcase classname="Order.RazorPayPaymentGateway" name="razorPayPaymentGateway" time="63.688"/>
  <system-out/>
</testsuite> <!-- Order.RazorPayPaymentGateway -->
