<?xml version="1.0" encoding="UTF-8"?>
<!-- Generated by org.testng.reporters.JUnitReportReporter -->
<testsuite hostname="girja-Latitude-3410" failures="0" tests="1" name="productdetailspagemultipleoptionchange.WeightedBlanketChangeMultipleOption" time="48.678" errors="0" timestamp="2021-09-22T16:48:37 IST" skipped="0">
  <testcase classname="productdetailspagemultipleoptionchange.WeightedBlanketChangeMultipleOption" name="weightedBlanketChangeOption" time="48.678"/>
  <system-out/>
</testsuite> <!-- productdetailspagemultipleoptionchange.WeightedBlanketChangeMultipleOption -->
