<?xml version="1.0" encoding="UTF-8"?>
<!-- Generated by org.testng.reporters.JUnitReportReporter -->
<testsuite hostname="girja-Latitude-3410" failures="0" tests="1" name="addtocartproductflow.BabyMattressProductDetailsChanges" time="33.398" errors="0" timestamp="2021-09-23T11:53:15 IST" skipped="0">
  <testcase classname="addtocartproductflow.BabyMattressProductDetailsChanges" name="babyMattressAddToCart" time="33.398"/>
  <system-out/>
</testsuite> <!-- addtocartproductflow.BabyMattressProductDetailsChanges -->
