<?xml version="1.0" encoding="UTF-8"?>
<!-- Generated by org.testng.reporters.JUnitReportReporter -->
<testsuite hostname="girja-Latitude-3410" failures="0" tests="1" name="addtocartproductflow.ProtectorProductDetailsChanges" time="29.684" errors="0" timestamp="2021-09-18T14:50:28 IST" skipped="0">
  <testcase classname="addtocartproductflow.ProtectorProductDetailsChanges" name="protectorAddToCart" time="29.684"/>
  <system-out/>
</testsuite> <!-- addtocartproductflow.ProtectorProductDetailsChanges -->
