<?xml version="1.0" encoding="UTF-8"?>
<!-- Generated by org.testng.reporters.JUnitReportReporter -->
<testsuite hostname="girja-Latitude-3410" failures="0" tests="1" name="addtocartproductflow.DefaultLatexMattressProduct" time="74.413" errors="0" timestamp="2021-09-17T16:21:40 IST" skipped="0">
  <testcase classname="addtocartproductflow.DefaultLatexMattressProduct" name="defaultLatexMattressAddToCart" time="74.413"/>
  <system-out/>
</testsuite> <!-- addtocartproductflow.DefaultLatexMattressProduct -->
