<?xml version="1.0" encoding="UTF-8"?>
<!-- Generated by org.testng.reporters.JUnitReportReporter -->
<testsuite hostname="girja-Latitude-3410" failures="0" tests="1" name="login.ForgetPasswordFlow" time="23.651" errors="0" timestamp="2021-09-12T22:13:24 IST" skipped="0">
  <testcase classname="login.ForgetPasswordFlow" name="forgetflow" time="23.651"/>
  <system-out/>
</testsuite> <!-- login.ForgetPasswordFlow -->
