<?xml version="1.0" encoding="UTF-8"?>
<!-- Generated by org.testng.reporters.JUnitReportReporter -->
<testsuite hostname="girja-Latitude-3410" failures="0" tests="1" name="addtocartproductflow.DefaultBabyMattressProduct" time="24.135" errors="0" timestamp="2021-09-18T11:56:05 IST" skipped="0">
  <testcase classname="addtocartproductflow.DefaultBabyMattressProduct" name="defaultLatexMattressAddToCart" time="24.135"/>
  <system-out/>
</testsuite> <!-- addtocartproductflow.DefaultBabyMattressProduct -->
