<?xml version="1.0" encoding="UTF-8"?>
<!-- Generated by org.testng.reporters.JUnitReportReporter -->
<testsuite hostname="girja-Latitude-3410" failures="0" tests="1" name="productdetailspagemultipleoptionchange.OhayoBedChangeMultipleOption" time="35.886" errors="0" timestamp="2021-09-22T13:54:21 IST" skipped="0">
  <testcase classname="productdetailspagemultipleoptionchange.OhayoBedChangeMultipleOption" name="ohayoBedChangeOption" time="35.886"/>
  <system-out/>
</testsuite> <!-- productdetailspagemultipleoptionchange.OhayoBedChangeMultipleOption -->
