<?xml version="1.0" encoding="UTF-8"?>
<!-- Generated by org.testng.reporters.JUnitReportReporter -->
<testsuite hostname="girja-Latitude-3410" failures="0" tests="1" name="addtocartproductflow.DefaultProtectorProduct" time="20.118" errors="0" timestamp="2021-09-18T14:53:47 IST" skipped="0">
  <testcase classname="addtocartproductflow.DefaultProtectorProduct" name="defaultLatexMattressAddToCart" time="20.118"/>
  <system-out/>
</testsuite> <!-- addtocartproductflow.DefaultProtectorProduct -->
