<?xml version="1.0" encoding="UTF-8"?>
<!-- Generated by org.testng.reporters.JUnitReportReporter -->
<testsuite hostname="girja-Latitude-3410" failures="0" tests="1" name="order.RazorPayPaymentGateway" time="59.352" errors="0" timestamp="2021-09-12T14:44:07 IST" skipped="0">
  <testcase classname="order.RazorPayPaymentGateway" name="razorPayPaymentGateway" time="59.352"/>
  <system-out/>
</testsuite> <!-- order.RazorPayPaymentGateway -->
