<?xml version="1.0" encoding="UTF-8"?>
<!-- Generated by org.testng.reporters.JUnitReportReporter -->
<testsuite hostname="girja-Latitude-3410" failures="0" tests="1" name="productdetailspagemultipleoptionchange.CloudPillowChangeMultipleOption" time="42.678" errors="0" timestamp="2021-09-22T17:48:53 IST" skipped="0">
  <testcase classname="productdetailspagemultipleoptionchange.CloudPillowChangeMultipleOption" name="cloudPillowChangeOption" time="42.678"/>
  <system-out/>
</testsuite> <!-- productdetailspagemultipleoptionchange.CloudPillowChangeMultipleOption -->
