<?xml version="1.0" encoding="UTF-8"?>
<!-- Generated by org.testng.reporters.JUnitReportReporter -->
<testsuite hostname="girja-Latitude-3410" failures="0" tests="1" name="productdetailspagemultipleoptionchange.OriginalMattessChangeMultipleoption" time="47.469" errors="0" timestamp="2021-09-22T12:17:20 IST" skipped="0">
  <testcase classname="productdetailspagemultipleoptionchange.OriginalMattessChangeMultipleoption" name="originalMattessChangeOption" time="47.469"/>
  <system-out/>
</testsuite> <!-- productdetailspagemultipleoptionchange.OriginalMattessChangeMultipleoption -->
