<?xml version="1.0" encoding="UTF-8"?>
<!-- Generated by org.testng.reporters.JUnitReportReporter -->
<testsuite hostname="girja-Latitude-3410" failures="0" tests="1" name="productdetailspagemultipleoptionchange.PetBedChangeMultipleOption" time="34.801" errors="0" timestamp="2021-09-22T17:33:56 IST" skipped="0">
  <testcase classname="productdetailspagemultipleoptionchange.PetBedChangeMultipleOption" name="petBedChangeOption" time="34.801"/>
  <system-out/>
</testsuite> <!-- productdetailspagemultipleoptionchange.PetBedChangeMultipleOption -->
