<?xml version="1.0" encoding="UTF-8"?>
<!-- Generated by org.testng.reporters.JUnitReportReporter -->
<testsuite hostname="girja-Latitude-3410" failures="0" tests="1" name="productdetailspagemultipleoptionchange.BabyMattressChangeMultipleOption" time="39.952" errors="0" timestamp="2021-09-24T13:28:04 IST" skipped="0">
  <testcase classname="productdetailspagemultipleoptionchange.BabyMattressChangeMultipleOption" name="babyMattressChangeoption" time="39.952"/>
  <system-out/>
</testsuite> <!-- productdetailspagemultipleoptionchange.BabyMattressChangeMultipleOption -->
