<?xml version="1.0" encoding="UTF-8"?>
<!-- Generated by org.testng.reporters.JUnitReportReporter -->
<testsuite hostname="girja-Latitude-3410" failures="0" tests="1" name="addtocartproductflow.LatexMattressCrossSell" time="55.109" errors="0" timestamp="2021-09-17T20:56:48 IST" skipped="0">
  <testcase classname="addtocartproductflow.LatexMattressCrossSell" name="crossSellingLatexMattress" time="55.109"/>
  <system-out/>
</testsuite> <!-- addtocartproductflow.LatexMattressCrossSell -->
