<?xml version="1.0" encoding="UTF-8"?>
<!-- Generated by org.testng.reporters.JUnitReportReporter -->
<testsuite hostname="girja-Latitude-3410" failures="0" tests="1" name="addtocartproductflow.DefaultCuddlePillowProduct" time="23.700" errors="0" timestamp="2021-09-20T16:47:54 IST" skipped="0">
  <testcase classname="addtocartproductflow.DefaultCuddlePillowProduct" name="defaultCuddlePillowAddToCart" time="23.700"/>
  <system-out/>
</testsuite> <!-- addtocartproductflow.DefaultCuddlePillowProduct -->
