<?xml version="1.0" encoding="UTF-8"?>
<!-- Generated by org.testng.reporters.JUnitReportReporter -->
<testsuite hostname="girja-Latitude-3410" failures="0" tests="1" name="addtocartproductflow.DefaultProtectorProduct" time="23.735" errors="0" timestamp="2021-09-24T14:29:57 IST" skipped="0">
  <testcase classname="addtocartproductflow.DefaultProtectorProduct" name="defaultProtectorsAddToCart" time="23.735"/>
  <system-out/>
</testsuite> <!-- addtocartproductflow.DefaultProtectorProduct -->
