<?xml version="1.0" encoding="UTF-8"?>
<!-- Generated by org.testng.reporters.JUnitReportReporter -->
<testsuite hostname="girja-Latitude-3410" failures="0" tests="1" name="productdetailspagemultipleoptionchange.ComforterChangeMultipleOption" time="45.471" errors="0" timestamp="2021-09-22T16:29:22 IST" skipped="0">
  <testcase classname="productdetailspagemultipleoptionchange.ComforterChangeMultipleOption" name="comforterChangeOption" time="45.471"/>
  <system-out/>
</testsuite> <!-- productdetailspagemultipleoptionchange.ComforterChangeMultipleOption -->
